This is pdfTeX, Version 3.141592653-2.6-1.40.25 (MiKTeX 24.1) (preloaded format=pdflatex 2025.12.1)  23 JAN 2026 19:38
entering extended mode
 restricted \write18 enabled.
 file:line:error style messages enabled.
 %&-line parsing enabled.
**c:/UninaEstates2025/DietiEstates2025/Documentazione/documentazione.tex
(c:/UninaEstates2025/DietiEstates2025/Documentazione/documentazione.tex
LaTeX2e <2023-11-01> patch level 1
L3 programming layer <2024-01-04>
(C:\Users\anton\AppData\Local\Programs\MiKTeX\tex/latex/base\report.cls
Document Class: report 2023/05/17 v1.4n Standard LaTeX document class
(C:\Users\anton\AppData\Local\Programs\MiKTeX\tex/latex/base\size10.clo
File: size10.clo 2023/05/17 v1.4n Standard LaTeX file (size option)
)
\c@part=\count187
\c@chapter=\count188
\c@section=\count189
\c@subsection=\count190
\c@subsubsection=\count191
\c@paragraph=\count192
\c@subparagraph=\count193
\c@figure=\count194
\c@table=\count195
\abovecaptionskip=\skip48
\belowcaptionskip=\skip49
\bibindent=\dimen140
) (C:\Users\anton\AppData\Local\Programs\MiKTeX\tex/latex/base\inputenc.sty
Package: inputenc 2021/02/14 v1.3d Input encoding file
\inpenc@prehook=\toks17
\inpenc@posthook=\toks18
) (C:\Users\anton\AppData\Local\Programs\MiKTeX\tex/latex/booktabs\booktabs.sty
Package: booktabs 2020/01/12 v1.61803398 Publication quality tables
\heavyrulewidth=\dimen141
\lightrulewidth=\dimen142
\cmidrulewidth=\dimen143
\belowrulesep=\dimen144
\belowbottomsep=\dimen145
\aboverulesep=\dimen146
\abovetopsep=\dimen147
\cmidrulesep=\dimen148
\cmidrulekern=\dimen149
\defaultaddspace=\dimen150
\@cmidla=\count196
\@cmidlb=\count197
\@aboverulesep=\dimen151
\@belowrulesep=\dimen152
\@thisruleclass=\count198
\@lastruleclass=\count199
\@thisrulewidth=\dimen153
) (C:\Users\anton\AppData\Local\Programs\MiKTeX\tex/latex/graphics\graphicx.sty
Package: graphicx 2021/09/16 v1.2d Enhanced LaTeX Graphics (DPC,SPQR)
 (C:\Users\anton\AppData\Local\Programs\MiKTeX\tex/latex/graphics\keyval.sty
Package: keyval 2022/05/29 v1.15 key=value parser (DPC)
\KV@toks@=\toks19
) (C:\Users\anton\AppData\Local\Programs\MiKTeX\tex/latex/graphics\graphics.sty
Package: graphics 2022/03/10 v1.4e Standard LaTeX Graphics (DPC,SPQR)
 (C:\Users\anton\AppData\Local\Programs\MiKTeX\tex/latex/graphics\trig.sty
Package: trig 2021/08/11 v1.11 sin cos tan (DPC)
) (C:\Users\anton\AppData\Local\Programs\MiKTeX\tex/latex/graphics-cfg\graphics.cfg
File: graphics.cfg 2016/06/04 v1.11 sample graphics configuration
)
Package graphics Info: Driver file: pdftex.def on input line 107.
 (C:\Users\anton\AppData\Local\Programs\MiKTeX\tex/latex/graphics-def\pdftex.def
File: pdftex.def 2022/09/22 v1.2b Graphics/color driver for pdftex
))
\Gin@req@height=\dimen154
\Gin@req@width=\dimen155
) (C:\Users\anton\AppData\Local\Programs\MiKTeX\tex/latex/grffile\grffile.sty
Package: grffile 2019/11/11 v2.1 Extended file name support for graphics (legacy)
Package grffile Info: This package is an empty stub for compatibility on input line 40.
) (C:\Users\anton\AppData\Local\Programs\MiKTeX\tex/generic/babel\babel.sty
Package: babel 2024/01/07 v24.1 The Babel package
\babel@savecnt=\count266
\U@D=\dimen156
\l@unhyphenated=\language79
 (C:\Users\anton\AppData\Local\Programs\MiKTeX\tex/generic/babel\txtbabel.def)
\bbl@readstream=\read2
\bbl@dirlevel=\count267

*************************************
* Local config file bblopts.cfg used
*
(C:\Users\anton\AppData\Local\Programs\MiKTeX\tex/latex/arabi\bblopts.cfg
File: bblopts.cfg 2005/09/08 v0.1 add Arabic and Farsi to "declared" options of babel
) (C:\Users\anton\AppData\Local\Programs\MiKTeX\tex/latex/babel-italian\italian.ldf
Language: italian 2024/10/10 v.1.5.01 Italian support for the babel system
\it@lettering=\count268
\it@doublequoteactive=\count269
\it@ISOcompliance=\count270
)) (C:\Users\anton\AppData\Local\Programs\MiKTeX\tex/generic/babel/locale/it\babel-italian.tex
Package babel Info: Importing font and identification data for italian
(babel)             from babel-it.ini. Reported on input line 11.
) (C:\Users\anton\AppData\Local\Programs\MiKTeX\tex/latex/etoolbox\etoolbox.sty
Package: etoolbox 2020/10/05 v2.5k e-TeX tools for LaTeX (JAW)
\etb@tempcnta=\count271
) (C:\Users\anton\AppData\Local\Programs\MiKTeX\tex/latex/hyperref\hyperref.sty
Package: hyperref 2023-11-26 v7.01g Hypertext links for LaTeX
 (C:\Users\anton\AppData\Local\Programs\MiKTeX\tex/generic/iftex\iftex.sty
Package: iftex 2022/02/03 v1.0f TeX engine tests
) (C:\Users\anton\AppData\Local\Programs\MiKTeX\tex/generic/infwarerr\infwarerr.sty
Package: infwarerr 2019/12/03 v1.5 Providing info/warning/error messages (HO)
) (C:\Users\anton\AppData\Local\Programs\MiKTeX\tex/latex/kvsetkeys\kvsetkeys.sty
Package: kvsetkeys 2022-10-05 v1.19 Key value parser (HO)
) (C:\Users\anton\AppData\Local\Programs\MiKTeX\tex/generic/kvdefinekeys\kvdefinekeys.sty
Package: kvdefinekeys 2019-12-19 v1.6 Define keys (HO)
) (C:\Users\anton\AppData\Local\Programs\MiKTeX\tex/generic/pdfescape\pdfescape.sty
Package: pdfescape 2019/12/09 v1.15 Implements pdfTeX's escape features (HO)
 (C:\Users\anton\AppData\Local\Programs\MiKTeX\tex/generic/ltxcmds\ltxcmds.sty
Package: ltxcmds 2023-12-04 v1.26 LaTeX kernel commands for general use (HO)
) (C:\Users\anton\AppData\Local\Programs\MiKTeX\tex/generic/pdftexcmds\pdftexcmds.sty
Package: pdftexcmds 2020-06-27 v0.33 Utility functions of pdfTeX for LuaTeX (HO)
Package pdftexcmds Info: \pdf@primitive is available.
Package pdftexcmds Info: \pdf@ifprimitive is available.
Package pdftexcmds Info: \pdfdraftmode found.
)) (C:\Users\anton\AppData\Local\Programs\MiKTeX\tex/latex/hycolor\hycolor.sty
Package: hycolor 2020-01-27 v1.10 Color options for hyperref/bookmark (HO)
) (C:\Users\anton\AppData\Local\Programs\MiKTeX\tex/latex/letltxmacro\letltxmacro.sty
Package: letltxmacro 2019/12/03 v1.6 Let assignment for LaTeX macros (HO)
) (C:\Users\anton\AppData\Local\Programs\MiKTeX\tex/latex/auxhook\auxhook.sty
Package: auxhook 2019-12-17 v1.6 Hooks for auxiliary files (HO)
) (C:\Users\anton\AppData\Local\Programs\MiKTeX\tex/latex/hyperref\nameref.sty
Package: nameref 2023-11-26 v2.56 Cross-referencing by name of section
 (C:\Users\anton\AppData\Local\Programs\MiKTeX\tex/latex/refcount\refcount.sty
Package: refcount 2019/12/15 v3.6 Data extraction from label references (HO)
) (C:\Users\anton\AppData\Local\Programs\MiKTeX\tex/generic/gettitlestring\gettitlestring.sty
Package: gettitlestring 2019/12/15 v1.6 Cleanup title references (HO)
 (C:\Users\anton\AppData\Local\Programs\MiKTeX\tex/latex/kvoptions\kvoptions.sty
Package: kvoptions 2022-06-15 v3.15 Key value format for package options (HO)
))
\c@section@level=\count272
)
\@linkdim=\dimen157
\Hy@linkcounter=\count273
\Hy@pagecounter=\count274
 (C:\Users\anton\AppData\Local\Programs\MiKTeX\tex/latex/hyperref\pd1enc.def
File: pd1enc.def 2023-11-26 v7.01g Hyperref: PDFDocEncoding definition (HO)
Now handling font encoding PD1 ...
... no UTF-8 mapping file for font encoding PD1
) (C:\Users\anton\AppData\Local\Programs\MiKTeX\tex/generic/intcalc\intcalc.sty
Package: intcalc 2019/12/15 v1.3 Expandable calculations with integers (HO)
)
\Hy@SavedSpaceFactor=\count275
 (C:\Users\anton\AppData\Local\Programs\MiKTeX\tex/latex/hyperref\puenc.def
File: puenc.def 2023-11-26 v7.01g Hyperref: PDF Unicode definition (HO)
Now handling font encoding PU ...
... no UTF-8 mapping file for font encoding PU
)
Package hyperref Info: Hyper figures OFF on input line 4181.
Package hyperref Info: Link nesting OFF on input line 4186.
Package hyperref Info: Hyper index ON on input line 4189.
Package hyperref Info: Plain pages OFF on input line 4196.
Package hyperref Info: Backreferencing OFF on input line 4201.
Package hyperref Info: Implicit mode ON; LaTeX internals redefined.
Package hyperref Info: Bookmarks ON on input line 4448.
\c@Hy@tempcnt=\count276
 (C:\Users\anton\AppData\Local\Programs\MiKTeX\tex/latex/url\url.sty
\Urlmuskip=\muskip16
Package: url 2013/09/16  ver 3.4  Verb mode for urls, etc.
)
LaTeX Info: Redefining \url on input line 4786.
\XeTeXLinkMargin=\dimen158
 (C:\Users\anton\AppData\Local\Programs\MiKTeX\tex/generic/bitset\bitset.sty
Package: bitset 2019/12/09 v1.3 Handle bit-vector datatype (HO)
 (C:\Users\anton\AppData\Local\Programs\MiKTeX\tex/generic/bigintcalc\bigintcalc.sty
Package: bigintcalc 2019/12/15 v1.5 Expandable calculations on big integers (HO)
))
\Fld@menulength=\count277
\Field@Width=\dimen159
\Fld@charsize=\dimen160
Package hyperref Info: Hyper figures OFF on input line 6065.
Package hyperref Info: Link nesting OFF on input line 6070.
Package hyperref Info: Hyper index ON on input line 6073.
Package hyperref Info: backreferencing OFF on input line 6080.
Package hyperref Info: Link coloring OFF on input line 6085.
Package hyperref Info: Link coloring with OCG OFF on input line 6090.
Package hyperref Info: PDF/A mode OFF on input line 6095.
 (C:\Users\anton\AppData\Local\Programs\MiKTeX\tex/latex/base\atbegshi-ltx.sty
Package: atbegshi-ltx 2021/01/10 v1.0c Emulation of the original atbegshi
package with kernel methods
)
\Hy@abspage=\count278
\c@Item=\count279
\c@Hfootnote=\count280
)
Package hyperref Info: Driver (autodetected): hpdftex.
 (C:\Users\anton\AppData\Local\Programs\MiKTeX\tex/latex/hyperref\hpdftex.def
File: hpdftex.def 2023-11-26 v7.01g Hyperref driver for pdfTeX
 (C:\Users\anton\AppData\Local\Programs\MiKTeX\tex/latex/base\atveryend-ltx.sty
Package: atveryend-ltx 2020/08/19 v1.0a Emulation of the original atveryend package
with kernel methods
)
\Fld@listcount=\count281
\c@bookmark@seq@number=\count282
 (C:\Users\anton\AppData\Local\Programs\MiKTeX\tex/latex/rerunfilecheck\rerunfilecheck.sty
Package: rerunfilecheck 2025-06-21 v1.11 Rerun checks for auxiliary files (HO)
 (C:\Users\anton\AppData\Local\Programs\MiKTeX\tex/generic/uniquecounter\uniquecounter.sty
Package: uniquecounter 2019/12/15 v1.4 Provide unlimited unique counter (HO)
)
Package uniquecounter Info: New unique counter `rerunfilecheck' on input line 284.
)
\Hy@SectionHShift=\skip50
) (C:\Users\anton\AppData\Local\Programs\MiKTeX\tex/latex/tools\verbatim.sty
Package: verbatim 2023-11-06 v1.5v LaTeX2e package for verbatim enhancements
\every@verbatim=\toks20
\verbatim@line=\toks21
\verbatim@in@stream=\read3
) (C:\Users\anton\AppData\Local\Programs\MiKTeX\tex/latex/multirow\multirow.sty
Package: multirow 2024/11/12 v2.9 Span multiple rows of a table
\multirow@colwidth=\skip51
\multirow@cntb=\count283
\multirow@dima=\skip52
\bigstrutjot=\dimen161
) (C:\Users\anton\AppData\Local\Programs\MiKTeX\tex/latex/tools\longtable.sty
Package: longtable 2023-11-01 v4.19 Multi-page Table package (DPC)
\LTleft=\skip53
\LTright=\skip54
\LTpre=\skip55
\LTpost=\skip56
\LTchunksize=\count284
\LTcapwidth=\dimen162
\LT@head=\box51
\LT@firsthead=\box52
\LT@foot=\box53
\LT@lastfoot=\box54
\LT@gbox=\box55
\LT@cols=\count285
\LT@rows=\count286
\c@LT@tables=\count287
\c@LT@chunks=\count288
\LT@p@ftn=\toks22
) (C:\Users\anton\AppData\Local\Programs\MiKTeX\tex/latex/listings\listings.sty
\lst@mode=\count289
\lst@gtempboxa=\box56
\lst@token=\toks23
\lst@length=\count290
\lst@currlwidth=\dimen163
\lst@column=\count291
\lst@pos=\count292
\lst@lostspace=\dimen164
\lst@width=\dimen165
\lst@newlines=\count293
\lst@lineno=\count294
\lst@maxwidth=\dimen166
 (C:\Users\anton\AppData\Local\Programs\MiKTeX\tex/latex/listings\lstmisc.sty
File: lstmisc.sty 2023/02/27 1.9 (Carsten Heinz)
\c@lstnumber=\count295
\lst@skipnumbers=\count296
\lst@framebox=\box57
) (C:\Users\anton\AppData\Local\Programs\MiKTeX\tex/latex/listings\listings.cfg
File: listings.cfg 2023/02/27 1.9 listings configuration
))
Package: listings 2023/02/27 1.9 (Carsten Heinz)
 (C:\Users\anton\AppData\Local\Programs\MiKTeX\tex/latex/xcolor\xcolor.sty
Package: xcolor 2023/11/15 v3.01 LaTeX color extensions (UK)
 (C:\Users\anton\AppData\Local\Programs\MiKTeX\tex/latex/graphics-cfg\color.cfg
File: color.cfg 2016/01/02 v1.6 sample color configuration
)
Package xcolor Info: Driver file: pdftex.def on input line 274.
 (C:\Users\anton\AppData\Local\Programs\MiKTeX\tex/latex/graphics\mathcolor.ltx)
Package xcolor Info: Model `cmy' substituted by `cmy0' on input line 1350.
Package xcolor Info: Model `hsb' substituted by `rgb' on input line 1354.
Package xcolor Info: Model `RGB' extended on input line 1366.
Package xcolor Info: Model `HTML' substituted by `rgb' on input line 1368.
Package xcolor Info: Model `Hsb' substituted by `hsb' on input line 1369.
Package xcolor Info: Model `tHsb' substituted by `hsb' on input line 1370.
Package xcolor Info: Model `HSB' substituted by `hsb' on input line 1371.
Package xcolor Info: Model `Gray' substituted by `gray' on input line 1372.
Package xcolor Info: Model `wave' substituted by `hsb' on input line 1373.
) (C:\Users\anton\AppData\Local\Programs\MiKTeX\tex/latex/pdfpages\pdfpages.sty
Package: pdfpages 2025/07/23 v0.6g Insert pages of external PDF documents (AM)
 (C:\Users\anton\AppData\Local\Programs\MiKTeX\tex/latex/base\ifthen.sty
Package: ifthen 2022/04/13 v1.1d Standard LaTeX ifthen package (DPC)
) (C:\Users\anton\AppData\Local\Programs\MiKTeX\tex/latex/tools\calc.sty
Package: calc 2023/07/08 v4.3 Infix arithmetic (KKT,FJ)
\calc@Acount=\count297
\calc@Bcount=\count298
\calc@Adimen=\dimen167
\calc@Bdimen=\dimen168
\calc@Askip=\skip57
\calc@Bskip=\skip58
LaTeX Info: Redefining \setlength on input line 80.
LaTeX Info: Redefining \addtolength on input line 81.
\calc@Ccount=\count299
\calc@Cskip=\skip59
) (C:\Users\anton\AppData\Local\Programs\MiKTeX\tex/latex/eso-pic\eso-pic.sty
Package: eso-pic 2023/05/03 v3.0c eso-pic (RN)
\ESO@tempdima=\dimen169
\ESO@tempdimb=\dimen170
)
\AM@pagewidth=\dimen171
\AM@pageheight=\dimen172
\AM@fboxrule=\dimen173
 (C:\Users\anton\AppData\Local\Programs\MiKTeX\tex/latex/pdfpages\pppdftex.def
File: pppdftex.def 2025/07/23 v0.6g Pdfpages driver for pdfTeX (AM)
)
\pdfpages@includegraphics@status=\count300
\AM@pagebox=\box58
\AM@global@opts=\toks24
\AM@pagecnt=\count301
\AM@toc@title=\toks25
\AM@lof@heading=\toks26
\c@AM@survey=\count302
\AM@templatesizebox=\box59
)
Package hyperref Info: Option `colorlinks' set `true' on input line 55.
 (C:\Users\anton\AppData\Local\Programs\MiKTeX\tex/latex/l3backend\l3backend-pdftex.def
File: l3backend-pdftex.def 2024-01-04 L3 backend support: PDF output (pdfTeX)
\l__color_backend_stack_int=\count303
\l__pdf_internal_box=\box60
) (documentazione.aux (capitolo1.aux) (capitolo2.aux) (capitolo3.aux))
\openout1 = `documentazione.aux'.

LaTeX Font Info:    Checking defaults for OML/cmm/m/it on input line 60.
LaTeX Font Info:    ... okay on input line 60.
LaTeX Font Info:    Checking defaults for OMS/cmsy/m/n on input line 60.
LaTeX Font Info:    ... okay on input line 60.
LaTeX Font Info:    Checking defaults for OT1/cmr/m/n on input line 60.
LaTeX Font Info:    ... okay on input line 60.
LaTeX Font Info:    Checking defaults for T1/cmr/m/n on input line 60.
LaTeX Font Info:    ... okay on input line 60.
LaTeX Font Info:    Checking defaults for TS1/cmr/m/n on input line 60.
LaTeX Font Info:    ... okay on input line 60.
LaTeX Font Info:    Checking defaults for OMX/cmex/m/n on input line 60.
LaTeX Font Info:    ... okay on input line 60.
LaTeX Font Info:    Checking defaults for U/cmr/m/n on input line 60.
LaTeX Font Info:    ... okay on input line 60.
LaTeX Font Info:    Checking defaults for PD1/pdf/m/n on input line 60.
LaTeX Font Info:    ... okay on input line 60.
LaTeX Font Info:    Checking defaults for PU/pdf/m/n on input line 60.
LaTeX Font Info:    ... okay on input line 60.
 (C:\Users\anton\AppData\Local\Programs\MiKTeX\tex/context/base/mkii\supp-pdf.mkii
[Loading MPS to PDF converter (version 2006.09.02).]
\scratchcounter=\count304
\scratchdimen=\dimen174
\scratchbox=\box61
\nofMPsegments=\count305
\nofMParguments=\count306
\everyMPshowfont=\toks27
\MPscratchCnt=\count307
\MPscratchDim=\dimen175
\MPnumerator=\count308
\makeMPintoPDFobject=\count309
\everyMPtoPDFconversion=\toks28
) (C:\Users\anton\AppData\Local\Programs\MiKTeX\tex/latex/epstopdf-pkg\epstopdf-base.sty
Package: epstopdf-base 2020-01-24 v2.11 Base part for package epstopdf
Package epstopdf-base Info: Redefining graphics rule for `.eps' on input line 485.
 (C:\Users\anton\AppData\Local\Programs\MiKTeX\tex/latex/00miktex\epstopdf-sys.cfg
File: epstopdf-sys.cfg 2021/03/18 v2.0 Configuration of epstopdf for MiKTeX
))
LaTeX Info: Redefining \it@ocap on input line 60.
LaTeX Info: Redefining \it@ccap on input line 60.


File italian.ldf warning: 
italian.ldf    With OT1 encoding guillemets are poorly faked
italian.ldf    Use T1 encoding
italian.ldf    or specify a font with command \CaporaliFrom
italian.ldf    See the documentation concerning the babel-italian typesetting
italian.ldf    on input line 60.

Package hyperref Info: Link coloring ON on input line 60.
(documentazione.out) (documentazione.out)
\@outlinefile=\write3
\openout3 = `documentazione.out'.

\c@lstlisting=\count310
 (C:\Users\anton\AppData\Local\Programs\MiKTeX\tex/latex/pdflscape\pdflscape.sty
Package: pdflscape 2022-10-27 v0.13 Display of landscape pages in PDF
 (C:\Users\anton\AppData\Local\Programs\MiKTeX\tex/latex/pdflscape\pdflscape-nometadata.sty
Package: pdflscape-nometadata 2022-10-28 v0.13 Display of landscape pages in PDF (HO)
 (C:\Users\anton\AppData\Local\Programs\MiKTeX\tex/latex/graphics\lscape.sty
Package: lscape 2020/05/28 v3.02 Landscape Pages (DPC)
)
Package pdflscape Info: Auto-detected driver: pdftex on input line 81.
))
LaTeX Font Info:    External font `cmex10' loaded for size
(Font)              <7> on input line 107.
LaTeX Font Info:    External font `cmex10' loaded for size
(Font)              <5> on input line 107.
<images/FedericoII.png, id=339, 134.75343pt x 139.27031pt>
File: images/FedericoII.png Graphic file (type png)
<use images/FedericoII.png>
Package pdftex.def Info: images/FedericoII.png  used on input line 135.
(pdftex.def)             Requested size: 120.7521pt x 124.80234pt.
 [1

{C:/Users/anton/AppData/Local/MiKTeX/fonts/map/pdftex/pdftex.map} <./images/FedericoII.png>] (documentazione.toc
pdfTeX warning (ext4): destination with the same identifier (name{page.1}) has been already used, duplicate ignored
<to be read again> 
                   \relax 
l.37 ...e per SSL/TLS e CDN}{30}{subsection.2.8.3}
                                                  % [1

] [2])
\tf@toc=\write4
\openout4 = `documentazione.toc'.

 [3]
\openout2 = `capitolo1.aux'.

 (capitolo1.tex
Capitolo 1.
(glossario.tex
Overfull \hbox (63.1122pt too wide) in paragraph at lines 4--27
 [][] 
 []

) (descrizioneRequisitiFunzionali.tex [4


]
Underfull \hbox (badness 10000) in paragraph at lines 8--15

 []


Underfull \hbox (badness 10000) in paragraph at lines 18--25

 []


Underfull \hbox (badness 10000) in paragraph at lines 29--36

 []


Underfull \hbox (badness 10000) in paragraph at lines 40--48

 []

[5]) (DiagrammaCasiUso.tex

pdfTeX warning: pdflatex (file ./images/Use-case Diagram.pdf): PDF inclusion: found PDF version <1.7>, but at most version <1.5> allowed
<images/Use-case Diagram.pdf, id=458, 597.19106pt x 845.07718pt>
File: images/Use-case Diagram.pdf Graphic file (type pdf)
<use images/Use-case Diagram.pdf>
Package pdftex.def Info: images/Use-case Diagram.pdf  used on input line 3.
(pdftex.def)             Requested size: 344.99509pt x 488.198pt.
)
Overfull \hbox (2.2173pt too wide) in paragraph at lines 3--10
[]  
 []

[6] (requsitiNonFunzionaliEDiDominio.tex [7 <./images/Use-case Diagram.pdf>] [8]) (Personas.tex

pdfTeX warning: pdflatex (file ./images/personatemplate.pdf): PDF inclusion: found PDF version <1.7>, but at most version <1.5> allowed
<images/personatemplate.pdf, id=481, 845.07718pt x 597.55246pt>
File: images/personatemplate.pdf Graphic file (type pdf)
<use images/personatemplate.pdf>
Package pdftex.def Info: images/personatemplate.pdf  used on input line 6.
(pdftex.def)             Requested size: 845.07512pt x 597.551pt.


pdfTeX warning: pdflatex (file ./images/personatemplate.pdf): PDF inclusion: found PDF version <1.7>, but at most version <1.5> allowed


pdfTeX warning: pdflatex (file ./images/personatemplate.pdf): PDF inclusion: found PDF version <1.7>, but at most version <1.5> allowed
<images/personatemplate.pdf, id=483, page=2, 845.07718pt x 597.55246pt>
File: images/personatemplate.pdf Graphic file (type pdf)
<use images/personatemplate.pdf, page 2>
Package pdftex.def Info: images/personatemplate.pdf , page2 used on input line 6.
(pdftex.def)             Requested size: 614.29646pt x 795.03568pt.
File: images/personatemplate.pdf Graphic file (type pdf)
<use images/personatemplate.pdf, page 2>
Package pdftex.def Info: images/personatemplate.pdf , page2 used on input line 6.
(pdftex.def)             Requested size: 845.03642pt x 597.52364pt.
[9]
File: images/personatemplate.pdf Graphic file (type pdf)
<use images/personatemplate.pdf, page 2>
Package pdftex.def Info: images/personatemplate.pdf , page2 used on input line 6.
(pdftex.def)             Requested size: 845.03642pt x 597.52364pt.
File: images/personatemplate.pdf Graphic file (type pdf)
<use images/personatemplate.pdf, page 2>
Package pdftex.def Info: images/personatemplate.pdf , page2 used on input line 6.
(pdftex.def)             Requested size: 845.03642pt x 597.52364pt.
File: images/personatemplate.pdf Graphic file (type pdf)
<use images/personatemplate.pdf, page 2>
Package pdftex.def Info: images/personatemplate.pdf , page2 used on input line 6.
(pdftex.def)             Requested size: 845.03642pt x 597.52364pt.
 [10

 <./images/personatemplate.pdf>]

pdfTeX warning: pdflatex (file ./images/personatemplate.pdf): PDF inclusion: found PDF version <1.7>, but at most version <1.5> allowed
<images/personatemplate.pdf, id=531, page=3, 845.07718pt x 597.55246pt>
File: images/personatemplate.pdf Graphic file (type pdf)
<use images/personatemplate.pdf, page 3>
Package pdftex.def Info: images/personatemplate.pdf , page3 used on input line 6.
(pdftex.def)             Requested size: 845.03642pt x 597.52364pt.
File: images/personatemplate.pdf Graphic file (type pdf)
<use images/personatemplate.pdf, page 3>
Package pdftex.def Info: images/personatemplate.pdf , page3 used on input line 6.
(pdftex.def)             Requested size: 845.03642pt x 597.52364pt.
File: images/personatemplate.pdf Graphic file (type pdf)
<use images/personatemplate.pdf, page 3>
Package pdftex.def Info: images/personatemplate.pdf , page3 used on input line 6.
(pdftex.def)             Requested size: 845.03642pt x 597.52364pt.
[11

 <./images/personatemplate.pdf>]

pdfTeX warning: pdflatex (file ./images/personatemplate.pdf): PDF inclusion: found PDF version <1.7>, but at most version <1.5> allowed
<images/personatemplate.pdf, id=540, page=4, 845.07718pt x 597.55246pt>
File: images/personatemplate.pdf Graphic file (type pdf)
<use images/personatemplate.pdf, page 4>
Package pdftex.def Info: images/personatemplate.pdf , page4 used on input line 6.
(pdftex.def)             Requested size: 845.03642pt x 597.52364pt.
File: images/personatemplate.pdf Graphic file (type pdf)
<use images/personatemplate.pdf, page 4>
Package pdftex.def Info: images/personatemplate.pdf , page4 used on input line 6.
(pdftex.def)             Requested size: 845.03642pt x 597.52364pt.
File: images/personatemplate.pdf Graphic file (type pdf)
<use images/personatemplate.pdf, page 4>
Package pdftex.def Info: images/personatemplate.pdf , page4 used on input line 6.
(pdftex.def)             Requested size: 845.03642pt x 597.52364pt.
[12

 <./images/personatemplate.pdf>]

pdfTeX warning: pdflatex (file ./images/personatemplate.pdf): PDF inclusion: found PDF version <1.7>, but at most version <1.5> allowed
<images/personatemplate.pdf, id=550, page=5, 845.07718pt x 597.55246pt>
File: images/personatemplate.pdf Graphic file (type pdf)
<use images/personatemplate.pdf, page 5>
Package pdftex.def Info: images/personatemplate.pdf , page5 used on input line 6.
(pdftex.def)             Requested size: 845.03642pt x 597.52364pt.
File: images/personatemplate.pdf Graphic file (type pdf)
<use images/personatemplate.pdf, page 5>
Package pdftex.def Info: images/personatemplate.pdf , page5 used on input line 6.
(pdftex.def)             Requested size: 845.03642pt x 597.52364pt.
File: images/personatemplate.pdf Graphic file (type pdf)
<use images/personatemplate.pdf, page 5>
Package pdftex.def Info: images/personatemplate.pdf , page5 used on input line 6.
(pdftex.def)             Requested size: 845.03642pt x 597.52364pt.
[13

 <./images/personatemplate.pdf>]) (tabelleCockburn.tex

pdfTeX warning: pdflatex (file ./images/Ricerca Immobile.pdf): PDF inclusion: found PDF version <1.7>, but at most version <1.5> allowed
<images/Ricerca Immobile.pdf, id=559, 597.55246pt x 845.07718pt>
File: images/Ricerca Immobile.pdf Graphic file (type pdf)
<use images/Ricerca Immobile.pdf>
Package pdftex.def Info: images/Ricerca Immobile.pdf  used on input line 1.
(pdftex.def)             Requested size: 597.551pt x 845.07512pt.


pdfTeX warning: pdflatex (file ./images/Ricerca Immobile.pdf): PDF inclusion: found PDF version <1.7>, but at most version <1.5> allowed


pdfTeX warning: pdflatex (file ./images/Ricerca Immobile.pdf): PDF inclusion: found PDF version <1.7>, but at most version <1.5> allowed
<images/Ricerca Immobile.pdf, id=561, page=1, 597.55246pt x 845.07718pt>
File: images/Ricerca Immobile.pdf Graphic file (type pdf)
<use images/Ricerca Immobile.pdf, page 1>
Package pdftex.def Info: images/Ricerca Immobile.pdf , page1 used on input line 1.
(pdftex.def)             Requested size: 614.34616pt x 794.97873pt.
File: images/Ricerca Immobile.pdf Graphic file (type pdf)
<use images/Ricerca Immobile.pdf, page 1>
Package pdftex.def Info: images/Ricerca Immobile.pdf , page1 used on input line 1.
(pdftex.def)             Requested size: 597.83365pt x 845.47485pt.
[14]
File: images/Ricerca Immobile.pdf Graphic file (type pdf)
<use images/Ricerca Immobile.pdf, page 1>
Package pdftex.def Info: images/Ricerca Immobile.pdf , page1 used on input line 1.
(pdftex.def)             Requested size: 597.83365pt x 845.47485pt.
File: images/Ricerca Immobile.pdf Graphic file (type pdf)
<use images/Ricerca Immobile.pdf, page 1>
Package pdftex.def Info: images/Ricerca Immobile.pdf , page1 used on input line 1.
(pdftex.def)             Requested size: 597.83365pt x 845.47485pt.
File: images/Ricerca Immobile.pdf Graphic file (type pdf)
<use images/Ricerca Immobile.pdf, page 1>
Package pdftex.def Info: images/Ricerca Immobile.pdf , page1 used on input line 1.
(pdftex.def)             Requested size: 597.83365pt x 845.47485pt.
 [15

 <./images/Ricerca Immobile.pdf>]

pdfTeX warning: pdflatex (file ./images/Use case Registrazione Utente.pdf): PDF inclusion: found PDF version <1.7>, but at most version <1.5> allowed
<images/Use case Registrazione Utente.pdf, id=585, 597.55246pt x 845.07718pt>
File: images/Use case Registrazione Utente.pdf Graphic file (type pdf)
<use images/Use case Registrazione Utente.pdf>
Package pdftex.def Info: images/Use case Registrazione Utente.pdf  used on input line 2.
(pdftex.def)             Requested size: 597.551pt x 845.07512pt.


pdfTeX warning: pdflatex (file ./images/Use case Registrazione Utente.pdf): PDF inclusion: found PDF version <1.7>, but at most version <1.5> allowed


pdfTeX warning: pdflatex (file ./images/Use case Registrazione Utente.pdf): PDF inclusion: found PDF version <1.7>, but at most version <1.5> allowed
<images/Use case Registrazione Utente.pdf, id=587, page=1, 597.55246pt x 845.07718pt>
File: images/Use case Registrazione Utente.pdf Graphic file (type pdf)
<use images/Use case Registrazione Utente.pdf, page 1>
Package pdftex.def Info: images/Use case Registrazione Utente.pdf , page1 used on input line 2.
(pdftex.def)             Requested size: 614.34616pt x 794.97873pt.
File: images/Use case Registrazione Utente.pdf Graphic file (type pdf)
<use images/Use case Registrazione Utente.pdf, page 1>
Package pdftex.def Info: images/Use case Registrazione Utente.pdf , page1 used on input line 2.
(pdftex.def)             Requested size: 597.83365pt x 845.47485pt.
File: images/Use case Registrazione Utente.pdf Graphic file (type pdf)
<use images/Use case Registrazione Utente.pdf, page 1>
Package pdftex.def Info: images/Use case Registrazione Utente.pdf , page1 used on input line 2.
(pdftex.def)             Requested size: 597.83365pt x 845.47485pt.
File: images/Use case Registrazione Utente.pdf Graphic file (type pdf)
<use images/Use case Registrazione Utente.pdf, page 1>
Package pdftex.def Info: images/Use case Registrazione Utente.pdf , page1 used on input line 2.
(pdftex.def)             Requested size: 597.83365pt x 845.47485pt.
File: images/Use case Registrazione Utente.pdf Graphic file (type pdf)
<use images/Use case Registrazione Utente.pdf, page 1>
Package pdftex.def Info: images/Use case Registrazione Utente.pdf , page1 used on input line 2.
(pdftex.def)             Requested size: 597.83365pt x 845.47485pt.
[16

 <./images/Use case Registrazione Utente.pdf>]

pdfTeX warning: pdflatex (file ./images/Inserimento di un immobile.pdf): PDF inclusion: found PDF version <1.7>, but at most version <1.5> allowed
<images/Inserimento di un immobile.pdf, id=607, 597.55246pt x 845.07718pt>
File: images/Inserimento di un immobile.pdf Graphic file (type pdf)
<use images/Inserimento di un immobile.pdf>
Package pdftex.def Info: images/Inserimento di un immobile.pdf  used on input line 3.
(pdftex.def)             Requested size: 597.551pt x 845.07512pt.


pdfTeX warning: pdflatex (file ./images/Inserimento di un immobile.pdf): PDF inclusion: found PDF version <1.7>, but at most version <1.5> allowed


pdfTeX warning: pdflatex (file ./images/Inserimento di un immobile.pdf): PDF inclusion: found PDF version <1.7>, but at most version <1.5> allowed
<images/Inserimento di un immobile.pdf, id=609, page=1, 597.55246pt x 845.07718pt>
File: images/Inserimento di un immobile.pdf Graphic file (type pdf)
<use images/Inserimento di un immobile.pdf, page 1>
Package pdftex.def Info: images/Inserimento di un immobile.pdf , page1 used on input line 3.
(pdftex.def)             Requested size: 614.34616pt x 794.97873pt.
File: images/Inserimento di un immobile.pdf Graphic file (type pdf)
<use images/Inserimento di un immobile.pdf, page 1>
Package pdftex.def Info: images/Inserimento di un immobile.pdf , page1 used on input line 3.
(pdftex.def)             Requested size: 597.83365pt x 845.47485pt.
File: images/Inserimento di un immobile.pdf Graphic file (type pdf)
<use images/Inserimento di un immobile.pdf, page 1>
Package pdftex.def Info: images/Inserimento di un immobile.pdf , page1 used on input line 3.
(pdftex.def)             Requested size: 597.83365pt x 845.47485pt.
File: images/Inserimento di un immobile.pdf Graphic file (type pdf)
<use images/Inserimento di un immobile.pdf, page 1>
Package pdftex.def Info: images/Inserimento di un immobile.pdf , page1 used on input line 3.
(pdftex.def)             Requested size: 597.83365pt x 845.47485pt.
File: images/Inserimento di un immobile.pdf Graphic file (type pdf)
<use images/Inserimento di un immobile.pdf, page 1>
Package pdftex.def Info: images/Inserimento di un immobile.pdf , page1 used on input line 3.
(pdftex.def)             Requested size: 597.83365pt x 845.47485pt.
[17

 <./images/Inserimento di un immobile.pdf>]

pdfTeX warning: pdflatex (file ./images/AvvioChat.pdf): PDF inclusion: found PDF version <1.7>, but at most version <1.5> allowed
<images/AvvioChat.pdf, id=629, 597.55246pt x 845.07718pt>
File: images/AvvioChat.pdf Graphic file (type pdf)
<use images/AvvioChat.pdf>
Package pdftex.def Info: images/AvvioChat.pdf  used on input line 4.
(pdftex.def)             Requested size: 597.551pt x 845.07512pt.


pdfTeX warning: pdflatex (file ./images/AvvioChat.pdf): PDF inclusion: found PDF version <1.7>, but at most version <1.5> allowed


pdfTeX warning: pdflatex (file ./images/AvvioChat.pdf): PDF inclusion: found PDF version <1.7>, but at most version <1.5> allowed
<images/AvvioChat.pdf, id=631, page=1, 597.55246pt x 845.07718pt>
File: images/AvvioChat.pdf Graphic file (type pdf)
<use images/AvvioChat.pdf, page 1>
Package pdftex.def Info: images/AvvioChat.pdf , page1 used on input line 4.
(pdftex.def)             Requested size: 614.34616pt x 794.97873pt.
File: images/AvvioChat.pdf Graphic file (type pdf)
<use images/AvvioChat.pdf, page 1>
Package pdftex.def Info: images/AvvioChat.pdf , page1 used on input line 4.
(pdftex.def)             Requested size: 597.83365pt x 845.47485pt.
File: images/AvvioChat.pdf Graphic file (type pdf)
<use images/AvvioChat.pdf, page 1>
Package pdftex.def Info: images/AvvioChat.pdf , page1 used on input line 4.
(pdftex.def)             Requested size: 597.83365pt x 845.47485pt.
File: images/AvvioChat.pdf Graphic file (type pdf)
<use images/AvvioChat.pdf, page 1>
Package pdftex.def Info: images/AvvioChat.pdf , page1 used on input line 4.
(pdftex.def)             Requested size: 597.83365pt x 845.47485pt.
File: images/AvvioChat.pdf Graphic file (type pdf)
<use images/AvvioChat.pdf, page 1>
Package pdftex.def Info: images/AvvioChat.pdf , page1 used on input line 4.
(pdftex.def)             Requested size: 597.83365pt x 845.47485pt.
[18

 <./images/AvvioChat.pdf>])) [19]
\openout2 = `capitolo2.aux'.

 (capitolo2.tex
Capitolo 2.
(Architettura.tex
Underfull \hbox (badness 10000) in paragraph at lines 2--7

 []


Underfull \hbox (badness 10000) in paragraph at lines 2--7

 []


Underfull \hbox (badness 10000) in paragraph at lines 9--15

 []

[20




]
Underfull \hbox (badness 10000) in paragraph at lines 21--26

 []


Underfull \hbox (badness 10000) in paragraph at lines 40--43

 []

[21] [22] [23]
Overfull \hbox (12.69284pt too wide) in paragraph at lines 119--134
\OT1/cmr/m/n/10 (Ja-kar-ta Per-si-sten-ce API) con Hi-ber-na-te co-me im-ple-men-ta-zio-ne del-l'ORM (Object-
 []

[24] [25]
Underfull \hbox (badness 10000) in paragraph at lines 178--196

 []

[26]
Underfull \hbox (badness 10000) in paragraph at lines 205--216

 []


Underfull \hbox (badness 10000) in paragraph at lines 217--221

 []

[27]
Overfull \hbox (10.63959pt too wide) in paragraph at lines 237--248
\OT1/cmr/m/n/10 sessionManagement().sessionCreationPolicy(SessionCreationPolicy.STATELESS).
 []

[28] [29]
Underfull \hbox (badness 10000) in paragraph at lines 305--307

 []


Overfull \hbox (9.8896pt too wide) in paragraph at lines 310--320
\OT1/cmr/m/n/10 bac-kend Spring Boot uti-liz-za un'im-ma-gi-ne ba-se Ja-va ot-ti-miz-za-ta (eclipse-temurin),
 []


Overfull \hbox (0.51912pt too wide) in paragraph at lines 310--320
\OT1/cmr/m/n/10 pro-duc-tion), ver-sio-ning pre-ci-so del-le di-pen-den-ze, e de-ploy-ment con-si-sten-te. Doc-
 []


Overfull \hbox (1.75058pt too wide) in paragraph at lines 310--320
\OT1/cmr/m/n/10 ker Com-po-se per-met-te di de-fi-ni-re l'in-te-ro stack del-l'ap-pli-ca-zio-ne in un fi-le YAML,
 []

[30] [31] [32] [33] [34] [35]
LaTeX Font Info:    Font shape `OT1/cmtt/bx/n' in size <10> not available
(Font)              Font shape `OT1/cmtt/m/n' tried instead on input line 457.

Overfull \hbox (1.22108pt too wide) in paragraph at lines 457--458
[]\OT1/cmtt/m/n/10 Container Backend (Spring Boot): \OT1/cmr/m/n/10 con-tie-ne l'ap-pli-ca-zio-ne Ja-va Spring
 []

[36]
LaTeX Font Info:    Font shape `OT1/cmtt/bx/n' in size <9> not available
(Font)              Font shape `OT1/cmtt/m/n' tried instead on input line 528.
 [37]
LaTeX Font Info:    Trying to load font information for TS1+cmtt on input line 559.
 (C:\Users\anton\AppData\Local\Programs\MiKTeX\tex/latex/base\ts1cmtt.fd
File: ts1cmtt.fd 2023/04/13 v2.5m Standard LaTeX font definitions
) [38] [39] [40] [41]
Underfull \hbox (badness 10000) in paragraph at lines 730--733

 []

[42] [43]
Overfull \hbox (0.58203pt too wide) in paragraph at lines 769--770
[]\OT1/cmtt/m/n/10 Spring Boot - DispatcherServlet:  \OT1/cmr/m/n/10 il Di-spat-cher-Ser-vlet (Front Con-
 []


Overfull \hbox (37.94458pt too wide) in paragraph at lines 771--772
[]\OT1/cmtt/m/n/10 Controller: \OT1/cmr/m/n/10 il me-to-do con-trol-ler an-no-ta-to con @Post-Map-ping("/api/immobili")
 []

[44]
Overfull \hbox (5.48987pt too wide) in paragraph at lines 786--787
[]\OT1/cmtt/m/n/10 Browser:\OT1/cmr/m/n/10 l'utente in-se-ri-sce l'URL del do-mi-nio (es. https://tuodominio.com)
 []

[45]) (DiagrammaClassi.tex

pdfTeX warning: pdflatex (file ./images/DiagrammaClassi.pdf): PDF inclusion: found PDF version <1.7>, but at most version <1.5> allowed
<images/DiagrammaClassi.pdf, id=984, 597.19106pt x 845.07718pt>
File: images/DiagrammaClassi.pdf Graphic file (type pdf)
<use images/DiagrammaClassi.pdf>
Package pdftex.def Info: images/DiagrammaClassi.pdf  used on input line 1.
(pdftex.def)             Requested size: 344.99509pt x 488.198pt.
)
Overfull \hbox (2.2173pt too wide) in paragraph at lines 1--6
[]  
 []

[46] (ProgettazioneInterfacciaGrafica.tex
Underfull \hbox (badness 10000) in paragraph at lines 1--7

 []

[47 <./images/DiagrammaClassi.pdf>]
Underfull \hbox (badness 10000) in paragraph at lines 13--19

 []

) (ClassDiagram.tex

pdfTeX warning: pdflatex (file ./images/Diagramma classi 1.pdf): PDF inclusion: found PDF version <1.7>, but at most version <1.5> allowed
<images/Diagramma classi 1.pdf, id=1006, 597.55246pt x 845.07718pt>
File: images/Diagramma classi 1.pdf Graphic file (type pdf)
<use images/Diagramma classi 1.pdf>
Package pdftex.def Info: images/Diagramma classi 1.pdf  used on input line 1.
(pdftex.def)             Requested size: 597.551pt x 845.07512pt.


pdfTeX warning: pdflatex (file ./images/Diagramma classi 1.pdf): PDF inclusion: found PDF version <1.7>, but at most version <1.5> allowed


pdfTeX warning: pdflatex (file ./images/Diagramma classi 1.pdf): PDF inclusion: found PDF version <1.7>, but at most version <1.5> allowed
<images/Diagramma classi 1.pdf, id=1008, page=1, 597.55246pt x 845.07718pt>
File: images/Diagramma classi 1.pdf Graphic file (type pdf)
<use images/Diagramma classi 1.pdf, page 1>
Package pdftex.def Info: images/Diagramma classi 1.pdf , page1 used on input line 1.
(pdftex.def)             Requested size: 614.34616pt x 794.97873pt.
File: images/Diagramma classi 1.pdf Graphic file (type pdf)
<use images/Diagramma classi 1.pdf, page 1>
Package pdftex.def Info: images/Diagramma classi 1.pdf , page1 used on input line 1.
(pdftex.def)             Requested size: 597.83365pt x 845.47485pt.
[48]
File: images/Diagramma classi 1.pdf Graphic file (type pdf)
<use images/Diagramma classi 1.pdf, page 1>
Package pdftex.def Info: images/Diagramma classi 1.pdf , page1 used on input line 1.
(pdftex.def)             Requested size: 597.83365pt x 845.47485pt.
File: images/Diagramma classi 1.pdf Graphic file (type pdf)
<use images/Diagramma classi 1.pdf, page 1>
Package pdftex.def Info: images/Diagramma classi 1.pdf , page1 used on input line 1.
(pdftex.def)             Requested size: 597.83365pt x 845.47485pt.
File: images/Diagramma classi 1.pdf Graphic file (type pdf)
<use images/Diagramma classi 1.pdf, page 1>
Package pdftex.def Info: images/Diagramma classi 1.pdf , page1 used on input line 1.
(pdftex.def)             Requested size: 597.83365pt x 845.47485pt.
 [49

 <./images/Diagramma classi 1.pdf>]

pdfTeX warning: pdflatex (file ./images/Diagramma classi chatController.pdf): PDF inclusion: found PDF version <1.7>, but at most version <1.5> allowed
<images/Diagramma classi chatController.pdf, id=1039, 597.55246pt x 845.07718pt>
File: images/Diagramma classi chatController.pdf Graphic file (type pdf)
<use images/Diagramma classi chatController.pdf>
Package pdftex.def Info: images/Diagramma classi chatController.pdf  used on input line 2.
(pdftex.def)             Requested size: 597.551pt x 845.07512pt.


pdfTeX warning: pdflatex (file ./images/Diagramma classi chatController.pdf): PDF inclusion: found PDF version <1.7>, but at most version <1.5> allowed


pdfTeX warning: pdflatex (file ./images/Diagramma classi chatController.pdf): PDF inclusion: found PDF version <1.7>, but at most version <1.5> allowed
<images/Diagramma classi chatController.pdf, id=1041, page=1, 597.55246pt x 845.07718pt>
File: images/Diagramma classi chatController.pdf Graphic file (type pdf)
<use images/Diagramma classi chatController.pdf, page 1>
Package pdftex.def Info: images/Diagramma classi chatController.pdf , page1 used on input line 2.
(pdftex.def)             Requested size: 614.34616pt x 794.97873pt.
File: images/Diagramma classi chatController.pdf Graphic file (type pdf)
<use images/Diagramma classi chatController.pdf, page 1>
Package pdftex.def Info: images/Diagramma classi chatController.pdf , page1 used on input line 2.
(pdftex.def)             Requested size: 597.83365pt x 845.47485pt.
File: images/Diagramma classi chatController.pdf Graphic file (type pdf)
<use images/Diagramma classi chatController.pdf, page 1>
Package pdftex.def Info: images/Diagramma classi chatController.pdf , page1 used on input line 2.
(pdftex.def)             Requested size: 597.83365pt x 845.47485pt.
File: images/Diagramma classi chatController.pdf Graphic file (type pdf)
<use images/Diagramma classi chatController.pdf, page 1>
Package pdftex.def Info: images/Diagramma classi chatController.pdf , page1 used on input line 2.
(pdftex.def)             Requested size: 597.83365pt x 845.47485pt.
File: images/Diagramma classi chatController.pdf Graphic file (type pdf)
<use images/Diagramma classi chatController.pdf, page 1>
Package pdftex.def Info: images/Diagramma classi chatController.pdf , page1 used on input line 2.
(pdftex.def)             Requested size: 597.83365pt x 845.47485pt.
[50

 <./images/Diagramma classi chatController.pdf>]) (SequenceDiagram.tex

pdfTeX warning: pdflatex (file ./images/sequence diagram.pdf): PDF inclusion: found PDF version <1.7>, but at most version <1.5> allowed
<images/sequence diagram.pdf, id=1066, 597.55246pt x 845.07718pt>
File: images/sequence diagram.pdf Graphic file (type pdf)
<use images/sequence diagram.pdf>
Package pdftex.def Info: images/sequence diagram.pdf  used on input line 1.
(pdftex.def)             Requested size: 597.551pt x 845.07512pt.


pdfTeX warning: pdflatex (file ./images/sequence diagram.pdf): PDF inclusion: found PDF version <1.7>, but at most version <1.5> allowed


pdfTeX warning: pdflatex (file ./images/sequence diagram.pdf): PDF inclusion: found PDF version <1.7>, but at most version <1.5> allowed
<images/sequence diagram.pdf, id=1068, page=1, 597.55246pt x 845.07718pt>
File: images/sequence diagram.pdf Graphic file (type pdf)
<use images/sequence diagram.pdf, page 1>
Package pdftex.def Info: images/sequence diagram.pdf , page1 used on input line 1.
(pdftex.def)             Requested size: 614.34616pt x 794.97873pt.
File: images/sequence diagram.pdf Graphic file (type pdf)
<use images/sequence diagram.pdf, page 1>
Package pdftex.def Info: images/sequence diagram.pdf , page1 used on input line 1.
(pdftex.def)             Requested size: 597.83365pt x 845.47485pt.
[51]
File: images/sequence diagram.pdf Graphic file (type pdf)
<use images/sequence diagram.pdf, page 1>
Package pdftex.def Info: images/sequence diagram.pdf , page1 used on input line 1.
(pdftex.def)             Requested size: 597.83365pt x 845.47485pt.
File: images/sequence diagram.pdf Graphic file (type pdf)
<use images/sequence diagram.pdf, page 1>
Package pdftex.def Info: images/sequence diagram.pdf , page1 used on input line 1.
(pdftex.def)             Requested size: 597.83365pt x 845.47485pt.
File: images/sequence diagram.pdf Graphic file (type pdf)
<use images/sequence diagram.pdf, page 1>
Package pdftex.def Info: images/sequence diagram.pdf , page1 used on input line 1.
(pdftex.def)             Requested size: 597.83365pt x 845.47485pt.
 [52

 <./images/sequence diagram.pdf>]

pdfTeX warning: pdflatex (file ./images/sequence diagram.pdf): PDF inclusion: found PDF version <1.7>, but at most version <1.5> allowed
<images/sequence diagram.pdf, id=1097, page=2, 597.55246pt x 845.07718pt>
File: images/sequence diagram.pdf Graphic file (type pdf)
<use images/sequence diagram.pdf, page 2>
Package pdftex.def Info: images/sequence diagram.pdf , page2 used on input line 1.
(pdftex.def)             Requested size: 597.83365pt x 845.47485pt.
File: images/sequence diagram.pdf Graphic file (type pdf)
<use images/sequence diagram.pdf, page 2>
Package pdftex.def Info: images/sequence diagram.pdf , page2 used on input line 1.
(pdftex.def)             Requested size: 597.83365pt x 845.47485pt.
File: images/sequence diagram.pdf Graphic file (type pdf)
<use images/sequence diagram.pdf, page 2>
Package pdftex.def Info: images/sequence diagram.pdf , page2 used on input line 1.
(pdftex.def)             Requested size: 597.83365pt x 845.47485pt.
[53

 <./images/sequence diagram.pdf>]

pdfTeX warning: pdflatex (file ./images/sequence diagram.pdf): PDF inclusion: found PDF version <1.7>, but at most version <1.5> allowed
<images/sequence diagram.pdf, id=1108, page=3, 597.55246pt x 845.07718pt>
File: images/sequence diagram.pdf Graphic file (type pdf)
<use images/sequence diagram.pdf, page 3>
Package pdftex.def Info: images/sequence diagram.pdf , page3 used on input line 1.
(pdftex.def)             Requested size: 597.83365pt x 845.47485pt.
File: images/sequence diagram.pdf Graphic file (type pdf)
<use images/sequence diagram.pdf, page 3>
Package pdftex.def Info: images/sequence diagram.pdf , page3 used on input line 1.
(pdftex.def)             Requested size: 597.83365pt x 845.47485pt.
File: images/sequence diagram.pdf Graphic file (type pdf)
<use images/sequence diagram.pdf, page 3>
Package pdftex.def Info: images/sequence diagram.pdf , page3 used on input line 1.
(pdftex.def)             Requested size: 597.83365pt x 845.47485pt.
[54

 <./images/sequence diagram.pdf>]

pdfTeX warning: pdflatex (file ./images/sequence diagram.pdf): PDF inclusion: found PDF version <1.7>, but at most version <1.5> allowed
<images/sequence diagram.pdf, id=1115, page=4, 597.55246pt x 845.07718pt>
File: images/sequence diagram.pdf Graphic file (type pdf)
<use images/sequence diagram.pdf, page 4>
Package pdftex.def Info: images/sequence diagram.pdf , page4 used on input line 1.
(pdftex.def)             Requested size: 597.83365pt x 845.47485pt.
File: images/sequence diagram.pdf Graphic file (type pdf)
<use images/sequence diagram.pdf, page 4>
Package pdftex.def Info: images/sequence diagram.pdf , page4 used on input line 1.
(pdftex.def)             Requested size: 597.83365pt x 845.47485pt.
File: images/sequence diagram.pdf Graphic file (type pdf)
<use images/sequence diagram.pdf, page 4>
Package pdftex.def Info: images/sequence diagram.pdf , page4 used on input line 1.
(pdftex.def)             Requested size: 597.83365pt x 845.47485pt.
[55

 <./images/sequence diagram.pdf>]) (sonarqube.tex
<images/sonarqubePassed.png, id=1122, 1156.32pt x 386.6445pt>
File: images/sonarqubePassed.png Graphic file (type png)
<use images/sonarqubePassed.png>
Package pdftex.def Info: images/sonarqubePassed.png  used on input line 7.
(pdftex.def)             Requested size: 344.99312pt x 115.35707pt.
<images/sonarqube.png, id=1123, 1557.82pt x 690.58pt>
File: images/sonarqube.png Graphic file (type png)
<use images/sonarqube.png>
Package pdftex.def Info: images/sonarqube.png  used on input line 9.
(pdftex.def)             Requested size: 344.97964pt x 152.92911pt.
))
Underfull \hbox (badness 10000) in paragraph at lines 1--146

 []


Underfull \hbox (badness 10000) in paragraph at lines 1--146

 []


Overfull \hbox (2.20186pt too wide) in paragraph at lines 1--146
[]  
 []

[56 <./images/sonarqubePassed.png> <./images/sonarqube.png>]
\openout2 = `capitolo3.aux'.

 (capitolo3.tex
Capitolo 3.
) [57




] (documentazione.aux (capitolo1.aux) (capitolo2.aux) (capitolo3.aux))
 ***********
LaTeX2e <2023-11-01> patch level 1
L3 programming layer <2024-01-04>
 ***********
Package rerunfilecheck Info: File `documentazione.out' has not changed.
(rerunfilecheck)             Checksum: 56CF8B790D1257590AD52D53FC2DCEA3;16402.
 ) 
Here is how much of TeX's memory you used:
 13789 strings out of 474486
 223663 string characters out of 5743755
 2100542 words of memory out of 5000000
 35495 multiletter control sequences out of 15000+600000
 563784 words of font info for 56 fonts, out of 8000000 for 9000
 1141 hyphenation exceptions out of 8191
 75i,17n,81p,546b,2051s stack positions out of 10000i,1000n,20000p,200000b,200000s
 <C:\Users\anton\AppData\Local\MiKTeX\fonts/pk/ljfour/jknappen/ec/dpi600\tctt0900.pk> <C:\Users\anton\AppData\Local\MiKTeX\fonts/pk/ljfour/jknappen/ec/dpi600\tcrm1000.pk><C:/Users/anton/AppData/Local/Programs/MiKTeX/fonts/type1/public/amsfonts/cm/cmbx10.pfb><C:/Users/anton/AppData/Local/Programs/MiKTeX/fonts/type1/public/amsfonts/cm/cmbx12.pfb><C:/Users/anton/AppData/Local/Programs/MiKTeX/fonts/type1/public/amsfonts/cm/cmcsc10.pfb><C:/Users/anton/AppData/Local/Programs/MiKTeX/fonts/type1/public/amsfonts/cm/cmitt10.pfb><C:/Users/anton/AppData/Local/Programs/MiKTeX/fonts/type1/public/amsfonts/cm/cmr10.pfb><C:/Users/anton/AppData/Local/Programs/MiKTeX/fonts/type1/public/amsfonts/cm/cmr12.pfb><C:/Users/anton/AppData/Local/Programs/MiKTeX/fonts/type1/public/amsfonts/cm/cmti12.pfb><C:/Users/anton/AppData/Local/Programs/MiKTeX/fonts/type1/public/amsfonts/cm/cmtt10.pfb><C:/Users/anton/AppData/Local/Programs/MiKTeX/fonts/type1/public/amsfonts/cm/cmtt9.pfb>
Output written on documentazione.pdf (58 pages, 1923741 bytes).
PDF statistics:
 1257 PDF objects out of 1440 (max. 8388607)
 359 named destinations out of 1000 (max. 500000)
 848 words of extra memory for PDF output out of 10000 (max. 10000000)

